<?xml version="1.0" encoding="UTF-8"?>
<!-- Generated by org.testng.reporters.JUnitReportReporter -->
<testsuite hostname="AKSHAYKALLURWAR" name="com.qa.hubspot.test.HomePageTest" tests="2" failures="0" timestamp="2 Feb 2020 18:35:48 GMT" time="36.305" errors="0">
  <testcase name="verifyHomePageTitleTest" time="18.359" classname="com.qa.hubspot.test.HomePageTest"/>
  <testcase name="verifyHomePageHeaderTest" time="17.946" classname="com.qa.hubspot.test.HomePageTest"/>
</testsuite> <!-- com.qa.hubspot.test.HomePageTest -->
