<?xml version="1.0" encoding="UTF-8"?>
<!-- Generated by org.testng.reporters.JUnitReportReporter -->
<testsuite hostname="AKSHAYKALLURWAR" name="com.qa.hubspot.test.LoginPageTest" tests="2" failures="0" timestamp="2 Feb 2020 18:35:48 GMT" time="28.036" errors="0">
  <testcase name="loginTest" time="17.465" classname="com.qa.hubspot.test.LoginPageTest"/>
  <testcase name="verifyLoginPageTitleTest" time="10.571" classname="com.qa.hubspot.test.LoginPageTest"/>
</testsuite> <!-- com.qa.hubspot.test.LoginPageTest -->
